<?xml version="1.0" encoding="UTF-8"?>
<testng-results ignored="0" total="2" passed="2" failed="0" skipped="0">
  <reporter-output>
  </reporter-output>
  <suite started-at="2025-07-09T17:27:18 IST" name="Default suite" finished-at="2025-07-09T17:27:22 IST" duration-ms="4209">
    <groups>
    </groups>
    <test started-at="2025-07-09T17:27:18 IST" name="Default test" finished-at="2025-07-09T17:27:22 IST" duration-ms="4209">
      <class name="restAssuredCapitalAPICode.CapitalAPI">
        <test-method signature="negativeTest_InvalidCapital()[pri:0, instance:restAssuredCapitalAPICode.CapitalAPI@7fa98a66]" started-at="2025-07-09T17:27:18 IST" name="negativeTest_InvalidCapital" finished-at="2025-07-09T17:27:21 IST" duration-ms="3269" status="PASS">
          <reporter-output>
          </reporter-output>
        </test-method> <!-- negativeTest_InvalidCapital -->
        <test-method signature="positiveTest_Tallinn()[pri:0, instance:restAssuredCapitalAPICode.CapitalAPI@7fa98a66]" started-at="2025-07-09T17:27:21 IST" name="positiveTest_Tallinn" finished-at="2025-07-09T17:27:22 IST" duration-ms="874" status="PASS">
          <reporter-output>
          </reporter-output>
        </test-method> <!-- positiveTest_Tallinn -->
      </class> <!-- restAssuredCapitalAPICode.CapitalAPI -->
    </test> <!-- Default test -->
  </suite> <!-- Default suite -->
</testng-results>
