<?xml version="1.0" encoding="UTF-8"?>
<!-- Generated by org.testng.reporters.JUnitReportReporter -->
<testsuite hostname="VIDYA" failures="0" tests="2" name="restAssuredCapitalAPICode.CapitalAPI" time="4.143" errors="0" timestamp="2025-07-09T17:27:22 IST" skipped="0">
  <testcase classname="restAssuredCapitalAPICode.CapitalAPI" name="negativeTest_InvalidCapital" time="3.269"/>
  <testcase classname="restAssuredCapitalAPICode.CapitalAPI" name="positiveTest_Tallinn" time="0.874"/>
</testsuite> <!-- restAssuredCapitalAPICode.CapitalAPI -->
