<?xml version="1.0" encoding="UTF-8"?>
<!-- Generated by org.testng.reporters.JUnitXMLReporter -->
<testsuite ignored="0" hostname="VIDYA" failures="1" tests="2" name="Window and Signup Scenarios" time="21.153" errors="0" timestamp="2025-07-09T14:28:08 IST">
  <testcase classname="comprehensive.NoCodeAutifySignUpTest" name="validateErrorMessagesAfterEmptySignup" time="10.948"/>
  <testcase classname="comprehensive.NoCodeAutifySwitchWindowTest" name="verifyWindowSwitchAndTitle" time="10.164">
    <failure type="org.openqa.selenium.NoSuchSessionException" message="invalid session id
Build info: version: &amp;apos;4.15.0&amp;apos;, revision: &amp;apos;1d14b5521b&amp;apos;
System info: os.name: &amp;apos;Windows 11&amp;apos;, os.arch: &amp;apos;amd64&amp;apos;, os.version: &amp;apos;10.0&amp;apos;, java.version: &amp;apos;24.0.1&amp;apos;
Driver info: org.openqa.selenium.chrome.ChromeDriver
Command: [20d673dbf6efa0fb6c6e7b1dfbcf19dd, switchToWindow {handle=21D61B77147D47FC80EDFA540957E4E4}]
Capabilities {acceptInsecureCerts: false, browserName: chrome, browserVersion: 138.0.7204.51, chrome: {chromedriverVersion: 138.0.7204.94 (545025748884..., userDataDir: C:\Users\renus\AppData\Loca...}, fedcm:accounts: true, goog:chromeOptions: {debuggerAddress: localhost:54806}, networkConnectionEnabled: false, pageLoadStrategy: normal, platformName: windows, proxy: Proxy(), se:cdp: ws://localhost:54806/devtoo..., se:cdpVersion: 138.0.7204.51, setWindowRect: true, strictFileInteractability: false, timeouts: {implicit: 0, pageLoad: 300000, script: 30000}, unhandledPromptBehavior: dismiss and notify, webauthn:extension:credBlob: true, webauthn:extension:largeBlob: true, webauthn:extension:minPinLength: true, webauthn:extension:prf: true, webauthn:virtualAuthenticators: true}
Session ID: 20d673dbf6efa0fb6c6e7b1dfbcf19dd">
      <![CDATA[org.openqa.selenium.NoSuchSessionException: invalid session id
Build info: version: '4.15.0', revision: '1d14b5521b'
System info: os.name: 'Windows 11', os.arch: 'amd64', os.version: '10.0', java.version: '24.0.1'
Driver info: org.openqa.selenium.chrome.ChromeDriver
Command: [20d673dbf6efa0fb6c6e7b1dfbcf19dd, switchToWindow {handle=21D61B77147D47FC80EDFA540957E4E4}]
Capabilities {acceptInsecureCerts: false, browserName: chrome, browserVersion: 138.0.7204.51, chrome: {chromedriverVersion: 138.0.7204.94 (545025748884..., userDataDir: C:\Users\renus\AppData\Loca...}, fedcm:accounts: true, goog:chromeOptions: {debuggerAddress: localhost:54806}, networkConnectionEnabled: false, pageLoadStrategy: normal, platformName: windows, proxy: Proxy(), se:cdp: ws://localhost:54806/devtoo..., se:cdpVersion: 138.0.7204.51, setWindowRect: true, strictFileInteractability: false, timeouts: {implicit: 0, pageLoad: 300000, script: 30000}, unhandledPromptBehavior: dismiss and notify, webauthn:extension:credBlob: true, webauthn:extension:largeBlob: true, webauthn:extension:minPinLength: true, webauthn:extension:prf: true, webauthn:virtualAuthenticators: true}
Session ID: 20d673dbf6efa0fb6c6e7b1dfbcf19dd
at org.openqa.selenium.remote.codec.w3c.W3CHttpResponseCodec.createException(W3CHttpResponseCodec.java:200)
at org.openqa.selenium.remote.codec.w3c.W3CHttpResponseCodec.decode(W3CHttpResponseCodec.java:133)
at org.openqa.selenium.remote.codec.w3c.W3CHttpResponseCodec.decode(W3CHttpResponseCodec.java:52)
at org.openqa.selenium.remote.HttpCommandExecutor.execute(HttpCommandExecutor.java:191)
at org.openqa.selenium.remote.service.DriverCommandExecutor.invokeExecute(DriverCommandExecutor.java:200)
at org.openqa.selenium.remote.service.DriverCommandExecutor.execute(DriverCommandExecutor.java:175)
at org.openqa.selenium.remote.RemoteWebDriver.execute(RemoteWebDriver.java:607)
at org.openqa.selenium.remote.RemoteWebDriver$RemoteTargetLocator.window(RemoteWebDriver.java:1207)
at comprehensive.NoCodeAutifySwitchWindowTest.verifyWindowSwitchAndTitle(NoCodeAutifySwitchWindowTest.java:68)
at java.base/java.util.ArrayList.forEach(ArrayList.java:1604)
... Removed 28 stack frames]]>
    </failure>
  </testcase> <!-- verifyWindowSwitchAndTitle -->
</testsuite> <!-- Window and Signup Scenarios -->
